1521008305750	geckodriver	INFO	geckodriver 0.20.0
1521008305769	geckodriver	INFO	Listening on 127.0.0.1:50879
1521008308803	mozrunner::runner	INFO	Running command: "C:\\Program Files\\Mozilla Firefox\\firefox.exe" "-marionette" "-profile" "C:\\Users\\Bekhzod\\AppData\\Local\\Temp\\rust_mozprofile.lviUl5G2k1kI"
Unable to read VR Path Registry from C:\Users\Bekhzod\AppData\Local\openvr\openvrpaths.vrpath
1521008312847	Marionette	INFO	Enabled via --marionette
Unable to read VR Path Registry from C:\Users\Bekhzod\AppData\Local\openvr\openvrpaths.vrpath
Unable to read VR Path Registry from C:\Users\Bekhzod\AppData\Local\openvr\openvrpaths.vrpath
Unable to read VR Path Registry from C:\Users\Bekhzod\AppData\Local\openvr\openvrpaths.vrpath
[Child 11820, Chrome_ChildThread] WARNING: pipe error: 109: file z:/build/build/src/ipc/chromium/src/chrome/common/ipc_channel_win.cc, line 346
[Child 11820, Chrome_ChildThread] WARNING: pipe error: 109: file z:/build/build/src/ipc/chromium/src/chrUnable to read VR Path Registry from C:\Users\Bekhzod\AppData\Local\openvr\openvrpaths.vrpath
Unable to read VR Path Registry from C:\Users\Bekhzod\AppData\Local\openvr\openvrpaths.vrpath
1521008324924	Marionette	INFO	Listening on port 50889
1521008325418	Marionette	WARN	TLS certificate errors will be ignored for this session
[Parent 14080, Gecko_IOThread] WARNING: pipe error: 109: file z:/build/build/src/ipc/chromium/src/chrome/common/ipc_channel_win.cc, line 346
IPDL protocol error: Handler returned error code!

###!!! [Parent][DispatchAsyncMessage] Error: PLayerTransaction::Msg_ReleaseLayer Processing error: message was deserialized, but the handler returned false (indicating failure)

IPDL protocol error: Handler returned error code!

###!!! [Parent][DispatchAsyncMessage] Error: PLayerTransaction::Msg_ReleaseLayer Processing error: message was deserialized, but the handler returned false (indicating failure)

IPDL protocol error: Handler returned error code!

###!!! [Parent][DispatchAsyncMessage] Error: PLayerTransaction::Msg_ReleaseLayer Processing error: message was deserialized, but the handler returned false (indicating failure)

IPDL protocol error: Handler returned error code!

###!!! [Parent][DispatchAsyncMessage] Error: PLayerTransaction::Msg_ReleaseLayer Processing error: message was deserialized, but the handler returned false (indicating failure)

[Parent 14080, Gecko_IOThread] WARNING: pipe error: 109: file z:/build/build/src/ipc/chromium/src/chrome/common/ipc_channel_win.cc, line 346
[Parent 14080, Gecko_IOThread] WARNING: pipe error: 109: file z:/build/build/src/ipc/chromium/src/chrome/common/ipc_channel_win.cc, line 346
*** UTM:SVC TimerManager:registerTimer called after profile-before-change notification. Ignoring timer registration for id: telemetry_modules_ping

###!!! [Child][MessageChannel::SendAndWait] Error: Channel error: cannot send/recv

1521008333609	geckodriver::marionette	ERROR	Failed to stop browser process
1521047805209	geckodriver	INFO	geckodriver 0.20.0
1521047805218	geckodriver	INFO	Listening on 127.0.0.1:51419
1521047808271	mozrunner::runner	INFO	Running command: "C:\\Program Files\\Mozilla Firefox\\firefox.exe" "-marionette" "-profile" "C:\\Users\\Bekhzod\\AppData\\Local\\Temp\\rust_mozprofile.SYTQklMJvppP"
Unable to read VR Path Registry from C:\Users\Bekhzod\AppData\Local\openvr\openvrpaths.vrpath
1521047809118	Marionette	INFO	Enabled via --marionette
Unable to read VR Path Registry from C:\Users\Bekhzod\AppData\Local\openvr\openvrpaths.vrpath
Unable to read VR Path Registry from C:\Users\Bekhzod\AppData\Local\openvr\openvrpaths.vrpath
Unable to read VR Path Registry from C:\Users\Bekhzod\AppData\Local\openvr\openvrpaths.vrpath
Unable to read VR Path Registry from C:\Users\Bekhzod\AppData\Local\openvr\openvrpaths.vrpath
1521047812505	Marionette	INFO	Listening on port 51429
1521047813607	Marionette	WARN	TLS certificate errors will be ignored for this session
[Child 9928, Chrome_ChildThread] WARNING: pipe error: 109: file z:/build/build/src/ipc/chromium/src/chrome/common/ipc_channel_win.cc, line 346
[Parent 9936, Gecko_IOThread] WARNING: pipe error: 109: file z:/build/build/src/ipc/chromium/src/chrome/common/ipc_channel_win.cc, line 346
[Child 13040, Chrome_ChildThread] WARNING: pipe error: 109: file z:/build/build/src/ipc/chromium/src/chrome/common/ipc_channel_win.cc, line 346
[Child 13040, Chrome_*** UTM:SVC TimerManager:registerTimer called after profile-before-change notification. Ignoring timer registration for id: telemetry_modules_ping

###!!! [Child][MessageChannel::SendAndWait] Error: Channel error: cannot send/recv

1521047828828	geckodriver::marionette	ERROR	Failed to stop browser process
1521047873649	geckodriver	INFO	geckodriver 0.20.0
1521047873663	geckodriver	INFO	Listening on 127.0.0.1:51489
1521047876705	mozrunner::runner	INFO	Running command: "C:\\Program Files\\Mozilla Firefox\\firefox.exe" "-marionette" "-profile" "C:\\Users\\Bekhzod\\AppData\\Local\\Temp\\rust_mozprofile.10gvoilSOSKd"
Unable to read VR Path Registry from C:\Users\Bekhzod\AppData\Local\openvr\openvrpaths.vrpath
1521047877615	Marionette	INFO	Enabled via --marionette
Unable to read VR Path Registry from C:\Users\Bekhzod\AppData\Local\openvr\openvrpaths.vrpath
Unable to read VR Path Registry from C:\Users\Bekhzod\AppData\Local\openvr\openvrpaths.vrpath
Unable to read VR Path Registry from C:\Users\Bekhzod\AppData\Local\openvr\openvrpaths.vrpath
Unable to read VR Path Registry from C:\Users\Bekhzod\AppData\Local\openvr\openvrpaths.vrpath
1521047881120	Marionette	INFO	Listening on port 51498
1521047882375	Marionette	WARN	TLS certificate errors will be ignored for this session
[Child 7200, Chrome_ChildThread] WARNING: pipe error: 109: file z:/build/build/src/ipc/chromium/src/chrome/common/ipc_channel_win.cc, line 346
[Child 7200, Chrome_ChildThrea[Parent 11600, Gecko_IOThread] WARNING: pipe error: 109: file z:/build/build/src/ipc/chromium/src/chrome/common/ipc_channel_win.cc, line 346
[Child 7340, Chrome_ChildThread] WARNING: pipe error: 109: file z:/build/build/src/ipc/chromium/src/chrome/common/ipc_channel_win.cc, line 346
*** UTM:SVC TimerManager:registerTimer called after profile-before-change notification. Ignoring timer registration for id: telemetry_modules_ping

###!!! [Child][MessageChannel::SendAndWait] Error: Channel error: cannot send/recv

1521047887876	geckodriver::marionette	ERROR	Failed to stop browser process
1521050031337	geckodriver	INFO	geckodriver 0.20.0
1521050031351	geckodriver	INFO	Listening on 127.0.0.1:52791
1521050034392	mozrunner::runner	INFO	Running command: "C:\\Program Files\\Mozilla Firefox\\firefox.exe" "-marionette" "-profile" "C:\\Users\\Bekhzod\\AppData\\Local\\Temp\\rust_mozprofile.siZtzbTjwNry"
1521050037336	Marionette	INFO	Listening on port 2828
[Child 7568] WARNING: pipe error: 109: file c:/builds/moz2_slave/m-esr52-w64-000000000000000000/build/src/ipc/chromium/src/chrome/common/ipc_channel_win.cc, line 345
[Child 7568] WARNING: pipe er1521051775565	geckodriver	INFO	geckodriver 0.20.0
1521051775578	geckodriver	INFO	Listening on 127.0.0.1:53153
1521051778620	mozrunner::runner	INFO	Running command: "c:\\Users\\Bekhzod\\AppData\\Local\\Firefox Nightly\\firefox.exe" "-marionette" "-profile" "C:\\Users\\Bekhzod\\AppData\\Local\\Temp\\rust_mozprofile.uvZU5nfht6CO"
Unable to read VR Path Registry from C:\Users\Bekhzod\AppData\Local\openvr\openvrpaths.vrpath
Unable to read VR Path Registry from C:\Users\Bekhzod\AppData\Local\openvr\openvrpaths.vrpath
Unable to read VR Path Registry from C:\Users\Bekhzod\AppData\Local\openvr\openvrpaths.vrpath
Unable to read VR Path Registry from C:\Users\Bekhzod\AppData\Local\openvr\openvrpaths.vrpath
1521051785226	Marionette	INFO	Listening on port 53163
Unable to read VR Path Registry from C:\Users\Bekhzod\AppData\Local\openvr\openvrpaths.vrpath
1521051786010	Marionette	WARN	TLS certificate errors will be ignored for this session
[Parent 3332, Gecko_IOThread] WARNING: pipe error: 109: file z:/build/build/src/ipc/chromium/src/chrome/common/ipc_channel_win.cc, line 346
[Child 2328, Chrome_ChildThread] WARNING: pipe error: 109: file z:/build/build/src/ipc/chromium/src/chrome/common/ipc_channel_win.cc, line 346
IPDL protocol error: Handler returned error code!

###!!! [Parent][DispatchAsyncMessage] Error: PLayerTransaction::Msg_ReleaseLayer Processing error: message was deserialized, but the handler returned false (indicating failure)

IPDL protocol error: Handler returned error code!

###!!! [Parent][DispatchAsyncMessage] Error: PLayerTransaction::Msg_ReleaseLayer Processing error: message was deserialized, but the handler returned false (indicating failure)

IPDL protocol error: Handler returned error code!

###!!! [Parent][DispatchAsyncMessage] Error: PLayerTransaction::Msg_ReleaseLayer Processing error: message was deserialized, but the handler returned false (indicating failure)

IPDL protocol error: Handler returned error code!

###!!! [Parent][DispatchAsyncMessage] Error: PLayerTransaction::Msg_ReleaseLayer Processing error: message was deserialized, but the handler returned false (indicating failure)

[Parent 3332, Gecko_IOThread] WARNING: pipe error: 109: file z:/build/build/src/ipc/chromium/src/chrome/common/ipc_channel_win.cc, line 346

###!!! [Child][RunMessage] Error: Channel closing: too late to send/recv, messages will be lost


###!!! [Child][RunMessage] Error: Channel closing: too late to send/recv, messages will be lost

[Parent 3332, Gecko_IOThread] WARNING: pipe error: 109: file z:/build/build/src/ipc/chromium/src/chrome/common/ipc_channel_win.cc, line 346
*** UTM:SVC TimerManager:registerTimer called after profile-before-change notification. Ignoring timer registration for id: telemetry_modules_ping

###!!! [Child][MessageChannel::SendAndWait] Error: Channel error: cannot send/recv

1521051793141	geckodriver::marionette	ERROR	Failed to stop browser process
1521052161509	geckodriver	INFO	geckodriver 0.20.0
1521052161524	geckodriver	INFO	Listening on 127.0.0.1:53260
1521052164569	mozrunner::runner	INFO	Running command: "c:\\Users\\Bekhzod\\AppData\\Local\\Firefox Nightly\\firefox.exe" "-marionette" "-profile" "C:\\Users\\Bekhzod\\AppData\\Local\\Temp\\rust_mozprofile.rFJUiWmEa2bz"
Unable to read VR Path Registry from C:\Users\Bekhzod\AppData\Local\openvr\openvrpaths.vrpath
Unable to read VR Path Registry from C:\Users\Bekhzod\AppData\Local\openvr\openvrpaths.vrpath
Unable to read VR Path Registry from C:\Users\Bekhzod\AppData\Local\openvr\openvrpaths.vrpath
Unable to read VR Path Registry from C:\Users\Bekhzod\AppData\Local\openvr\openvrpaths.vrpath
1521052171128	Marionette	INFO	Listening on port 53269
Unable to read VR Path Registry from C:\Users\Bekhzod\AppData\Local\openvr\openvrpaths.vrpath
1521052172260	Marionette	WARN	TLS certificate errors will be ignored for this session
1521052175550	addons.xpi	WARN	Exception running bootstrap method shutdown on activity-stream@mozilla.org: [Exception... "Component returned failure code: 0x80004005 (NS_ERROR_FAILURE) [nsIObserverService.removeObserver]"  nsresult: "0x80004005 (NS_ERROR_FAILURE)"  location: "JS frame :: resource://activity-stream/lib/SnippetsFeed.jsm :: uninit :: line 185"  data: no] Stack trace: uninit()@resource://activity-stream/lib/SnippetsFeed.jsm:185
onAction()@resource://activity-stream/lib/SnippetsFeed.jsm:201
_middleware/</<()@resource://activity-stream/lib/Store.jsm:49
Store/this[method]()@resource://activity-stream/lib/Store.jsm:28
uninit()@resource://activity-stream/lib/Store.jsm:151
uninit()@resource://activity-stream/lib/ActivityStream.jsm:294
uninit()@resource://gre/modules/addons/XPIProvider.jsm -> jar:file:///C:/Users/Bekhzod/AppData/Local/Firefox%20Nightly/browser/features/activity-stream@mozilla.org.xpi!/bootstrap.js:73
shutdown()@resource://gre/modules/addons/XPIProvider.jsm -> jar:file:///C:/Users/Bekhzod/AppData/Local/Firefox%20Nightly/browser/features/activity-stream@mozilla.org.xpi!/bootstrap.js:169
callBootstrapMethod()@resource://gre/modules/addons/XPIProvider.jsm:4436
observe()@resource://gre/modules/addons/XPIProvider.jsm:2287
GeckoDriver.prototype.quit()@driver.js:3300
[Parent 7740, Gecko_IOThread] WARNING: pipe error: 109: file z:/build/build/src/ipc/chromium/src/chrome/common/ipc_channel_win.cc, line 346
[Child 11360, Chrome_ChildThread] WARNING: pipe error: 109: file z:/build/build/src/ipc/chromium/src/chrome/common/ipc_channel_win.cc, line 346
[Child 11360, Chrome_[Parent 7740, Gecko_IOThread] WARNING: pipe error: 109: file z:/build/build/src/ipc/chromium/src/chrome/common/ipc_channel_win.cc, line 346
[Parent 7740, Gecko_IOThread] WARNING: pipe error: 109: file z:/build/build/src/ipc/chromium/src/chrome/common/ipc_channel_win.cc, line 346
[Child 3788, Chrome_ChildThread] WARNING: pipe error: 109: file z:/build/build/src/ipc/chromium/src/chrome/common/ipc_channel_win.cc, line 346
[Child 3788, Chrome[Parent 7740, Gecko_IOThread] WARNING: file z:/build/build/src/ipc/chromium/src/base/process_util_win.cc, line 188
*** UTM:SVC TimerManager:registerTimer called after profile-before-change notification. Ignoring timer registration for id: telemetry_modules_ping
[GPU 10580, Chrome_ChildThread] WARNING: pipe error: 109: file z:/build/build/src/ipc/chromium/src/chrome/common/ipc_channel_win.cc, line 346

###!!! [Child][MessageChannel::SendAndWait] Error: Channel error: cannot send/recv

1521052177890	geckodriver::marionette	ERROR	Failed to stop browser process
1521052676413	geckodriver	INFO	geckodriver 0.20.0
1521052676433	geckodriver	INFO	Listening on 127.0.0.1:53426
1521052679476	mozrunner::runner	INFO	Running command: "C:\\Users\\Bekhzod\\AppData\\Local\\Firefox Nightly\\firefox.exe" "-marionette" "-profile" "C:\\Users\\Bekhzod\\AppData\\Local\\Temp\\rust_mozprofile.01ZpQWihSEhc"
Unable to read VR Path Registry from C:\Users\Bekhzod\AppData\Local\openvr\openvrpaths.vrpath
Unable to read VR Path Registry from C:\Users\Bekhzod\AppData\Local\openvr\openvrpaths.vrpath
Unable to read VR Path Registry from C:\Users\Bekhzod\AppData\Local\openvr\openvrpaths.vrpath
Unable to read VR Path Registry from C:\Users\Bekhzod\AppData\Local\openvr\openvrpaths.vrpath
1521052686788	Marionette	INFO	Listening on port 53436
1521052686802	Marionette	WARN	TLS certificate errors will be ignored for this session
Unable to read VR Path Registry from C:\Users\Bekhzod\AppData\Local\openvr\openvrpaths.vrpath
1521052691658	addons.xpi	WARN	Exception running bootstrap method shutdown on activity-stream@mozilla.org: [Exception... "Component returned failure code: 0x80004005 (NS_ERROR_FAILURE) [nsIObserverService.removeObserver]"  nsresult: "0x80004005 (NS_ERROR_FAILURE)"  location: "JS frame :: resource://activity-stream/lib/SnippetsFeed.jsm :: uninit :: line 185"  data: no] Stack trace: uninit()@resource://activity-stream/lib/SnippetsFeed.jsm:185
onAction()@resource://activity-stream/lib/SnippetsFeed.jsm:201
_middleware/</<()@resource://activity-stream/lib/Store.jsm:49
Store/this[method]()@resource://activity-stream/lib/Store.jsm:28
uninit()@resource://activity-stream/lib/Store.jsm:151
uninit()@resource://activity-stream/lib/ActivityStream.jsm:294
uninit()@resource://gre/modules/addons/XPIProvider.jsm -> jar:file:///C:/Users/Bekhzod/AppData/Local/Firefox%20Nightly/browser/features/activity-stream@mozilla.org.xpi!/bootstrap.js:73
shutdown()@resource://gre/modules/addons/XPIProvider.jsm -> jar:file:///C:/Users/Bekhzod/AppData/Local/Firefox%20Nightly/browser/features/activity-stream@mozilla.org.xpi!/bootstrap.js:169
callBootstrapMethod()@resource://gre/modules/addons/XPIProvider.jsm:4436
observe()@resource://gre/modules/addons/XPIProvider.jsm:2287
GeckoDriver.prototype.quit()@driver.js:3300
[Parent 11908, Gecko_IOThread] WARNING: pipe error: 109: file z:/build/build/src/ipc/chromium/src/chrome/common/ipc_channel_win.cc, line 346
[Child 4828, Chrome_ChildThread] WARNING: pipe error: 109: file z:/build/build/src/ipc/chromium/src/chrome/common/ipc_channel_win.cc, line 346
[Child 4828, Chro[Parent 11908, Gecko_IOThread] WARNING: pipe error: 109: file z:/build/build/src/ipc/chromium/src/chrome/common/ipc_channel_win.cc, line 346
[Child 5624, Chrome_ChildThread] WARNING: pipe error: 109: file z:/build/build/src/ipc/chromium/src/chrome/common/ipc_channel_win.cc, line 346
[Child 5624, Chrome_Chil[Parent 11908, Gecko_IOThread] WARNING: pipe error: 109: file z:/build/build/src/ipc/chromium/src/chrome/common/ipc_channel_win.cc, line 346
[Child 7944, Chrome_ChildThread] WARNING: pipe error: 109: file z:/build/build/src/ipc/chromium/src/chrome/common/ipc_channel_win.cc, line 346
[Child 7944, Chrome_Chi*** UTM:SVC TimerManager:registerTimer called after profile-before-change notification. Ignoring timer registration for id: telemetry_modules_ping

###!!! [Child][MessageChannel::SendAndWait] Error: Channel error: cannot send/recv

1521052694435	geckodriver::marionette	ERROR	Failed to stop browser process
1521176878025	geckodriver	INFO	geckodriver 0.20.0
1521176878056	geckodriver	INFO	Listening on 127.0.0.1:55015
1521176881116	mozrunner::runner	INFO	Running command: "c:\\program files\\Firefox Nightly\\firefox.exe" "-marionette" "-profile" "C:\\Users\\Bekhzod\\AppData\\Local\\Temp\\rust_mozprofile.5l3p3kMxwuYx"
Unable to read VR Path Registry from C:\Users\Bekhzod\AppData\Local\openvr\openvrpaths.vrpath
Unable to read VR Path Registry from C:\Users\Bekhzod\AppData\Local\openvr\openvrpaths.vrpath
Unable to read VR Path Registry from C:\Users\Bekhzod\AppData\Local\openvr\openvrpaths.vrpath
Unable to read VR Path Registry from C:\Users\Bekhzod\AppData\Local\openvr\openvrpaths.vrpath
Unable to read VR Path Registry from C:\Users\Bekhzod\AppData\Local\openvr\openvrpaths.vrpath
1521176888354	Marionette	INFO	Listening on port 55025
1521176889137	Marionette	WARN	TLS certificate errors will be ignored for this session
[Parent 8528, Gecko_IOThread] WARNING: pipe error: 109: file z:/build/build/src/ipc/chromium/src/chrome/common/ipc_channel_win.cc, line 346
[Child 2732, Chrome_ChildThread] WARNING: pipe error: 109: file z:/build/build/src/ipc/chromium/src/chrome/common/ipc_channel_win.cc, line 346
[Child 2732, Chrome_ChildThread] [Parent 8528, Gecko_IOThread] WARNING: pipe error: 109: file z:/build/build/src/ipc/chromium/src/chrome/common/ipc_channel_win.cc, line 346
[Parent 8528, Gecko_IOThread] WARNING: file z:/build/build/src/ipc/chromium/src/base/process_util_win.cc, line 188
*** UTM:SVC TimerManager:registerTimer called after profile-before-change notification. Ignoring timer registration for id: telemetry_modules_ping

###!!! [Child][MessageChannel::SendAndWait] Error: Channel error: cannot send/recv

1521176896341	geckodriver::marionette	ERROR	Failed to stop browser process
1521177323326	geckodriver	INFO	geckodriver 0.20.0
1521177323351	geckodriver	INFO	Listening on 127.0.0.1:55491
1521177326428	mozrunner::runner	INFO	Running command: "C:\\Program Files\\Firefox ESR\\firefox.exe" "-marionette" "-profile" "C:\\Users\\Bekhzod\\AppData\\Local\\Temp\\rust_mozprofile.seWR2Uao1BOA"
1521177329712	Marionette	INFO	Listening on port 2828
1521177573385	geckodriver	INFO	geckodriver 0.20.0
1521177573411	geckodriver	INFO	Listening on 127.0.0.1:55616
1521177576521	mozrunner::runner	INFO	Running command: "c:\\program files\\Mozilla Firefox\\firefox.exe" "-marionette" "-profile" "C:\\Users\\Bekhzod\\AppData\\Local\\Temp\\rust_mozprofile.LfFCNFxjjoGJ"
Unable to read VR Path Registry from C:\Users\Bekhzod\AppData\Local\openvr\openvrpaths.vrpath
1521177577952	Marionette	INFO	Enabled via --marionette
Unable to read VR Path Registry from C:\Users\Bekhzod\AppData\Local\openvr\openvrpaths.vrpath
Unable to read VR Path Registry from C:\Users\Bekhzod\AppData\Local\openvr\openvrpaths.vrpath
Unable to read VR Path Registry from C:\Users\Bekhzod\AppData\Local\openvr\openvrpaths.vrpath
Unable to read VR Path Registry from C:\Users\Bekhzod\AppData\Local\openvr\openvrpaths.vrpath
1521177581994	Marionette	INFO	Listening on port 55626
1521177582520	Marionette	WARN	TLS certificate errors will be ignored for this session
[Child 4528, Chrome_ChildThread] WARNING: pipe error: 109: file z:/build/build/src/ipc/chromium/src/chrome/common/ipc_channel_win.cc, line 346
[Child 4528, Chrome_ChildThread] WAR[Parent 14016, Gecko_IOThread] WARNING: pipe error: 109: file z:/build/build/src/ipc/chromium/src/chrome/common/ipc_channel_win.cc, line 346
[Child 3872, Chrome_ChildThread] WARNING: pipe error: 109: file z:/build/build/src/ipc/chromium/src/chrome/common/ipc_channel_win.cc, line 346
[Child 3872, Chrome_ChildThread] WAR*** UTM:SVC TimerManager:registerTimer called after profile-before-change notification. Ignoring timer registration for id: telemetry_modules_ping
[GPU 14180, Chrome_ChildThread] WARNING: pipe error: 109: file z:/build/build/src/ipc/chromium/src/chrome/common/ipc_ch
###!!! [Child][MessageChannel::SendAndWait] Error: Channel error: cannot send/recv

1521177588922	geckodriver::marionette	ERROR	Failed to stop browser process
1521352143944	geckodriver	INFO	geckodriver 0.20.0
1521352143974	geckodriver	INFO	Listening on 127.0.0.1:49959
1521352147102	mozrunner::runner	INFO	Running command: "c:\\Program Files\\Mozilla Firefox\\firefox.exe" "-marionette" "-profile" "C:\\Users\\Bekhzod\\AppData\\Local\\Temp\\rust_mozprofile.U9JVP0QSSdIN"
Unable to read VR Path Registry from C:\Users\Bekhzod\AppData\Local\openvr\openvrpaths.vrpath
1521352151202	Marionette	INFO	Enabled via --marionette
Unable to read VR Path Registry from C:\Users\Bekhzod\AppData\Local\openvr\openvrpaths.vrpath
Unable to read VR Path Registry from C:\Users\Bekhzod\AppData\Local\openvr\openvrpaths.vrpath
Unable to read VR Path Registry from C:\Users\Bekhzod\AppData\Local\openvr\openvrpaths.vrpath
Unable to read VR Path Registry from C:\Users\Bekhzod\AppData\Local\openvr\openvrpaths.vrpath
1521352159278	Marionette	INFO	Listening on port 49975
1521352159700	Marionette	WARN	TLS certificate errors will be ignored for this session
[Child 12784, Chrome_ChildThread] WARNING: pipe error: 109: file z:/build/build/src/ipc/chromium/src/chrome/common/ipc_channel_win.cc, line 346
[Child 12784, Chrome_Ch
###!!! [Child][MessageChannel::SendAndWait] Error: Channel error: cannot send/recv

1521352213269	geckodriver::marionette	ERROR	Failed to stop browser process
1521354566125	geckodriver	INFO	geckodriver 0.20.0
1521354566141	geckodriver	INFO	Listening on 127.0.0.1:52664
1521354569194	mozrunner::runner	INFO	Running command: "c:\\Program Files\\Mozilla Firefox\\firefox.exe" "-marionette" "-profile" "C:\\Users\\Bekhzod\\AppData\\Local\\Temp\\rust_mozprofile.UsPOQ9rK2ZjB"
Unable to read VR Path Registry from C:\Users\Bekhzod\AppData\Local\openvr\openvrpaths.vrpath
1521354570142	Marionette	INFO	Enabled via --marionette
Unable to read VR Path Registry from C:\Users\Bekhzod\AppData\Local\openvr\openvrpaths.vrpath
Unable to read VR Path Registry from C:\Users\Bekhzod\AppData\Local\openvr\openvrpaths.vrpath
Unable to read VR Path Registry from C:\Users\Bekhzod\AppData\Local\openvr\openvrpaths.vrpath
Unable to read VR Path Registry from C:\Users\Bekhzod\AppData\Local\openvr\openvrpaths.vrpath
1521354573676	Marionette	INFO	Listening on port 52674
1521354574834	Marionette	WARN	TLS certificate errors will be ignored for this session
[Child 7108, Chrome_ChildThread] WARNING: pipe error: 109: file z:/build/build/src/ipc/chromium/src/chrome/common/ipc_channel_win.cc, line 346
[Child 7108, Chrome_ChildThread] WARNING: pipe error: 109: file[Child 6752, Chrome_ChildThread] WAR*** UTM:SVC TimerManager:registerTimer called after profile-before-change notification. Ignoring timer registration for id: telemetry_modules_ping

###!!! [Child][MessageChannel::SendAndWait] Error: Channel error: cannot send/recv

1521354617630	geckodriver::marionette	ERROR	Failed to stop browser process
1521390867252	geckodriver	INFO	geckodriver 0.20.0
1521390867266	geckodriver	INFO	Listening on 127.0.0.1:53321
1521390870312	mozrunner::runner	INFO	Running command: "c:\\Program Files\\Mozilla Firefox\\firefox.exe" "-marionette" "-profile" "C:\\Users\\Bekhzod\\AppData\\Local\\Temp\\rust_mozprofile.lSOYfACCZgXQ"
Unable to read VR Path Registry from C:\Users\Bekhzod\AppData\Local\openvr\openvrpaths.vrpath
1521390871112	Marionette	INFO	Enabled via --marionette
Unable to read VR Path Registry from C:\Users\Bekhzod\AppData\Local\openvr\openvrpaths.vrpath
Unable to read VR Path Registry from C:\Users\Bekhzod\AppData\Local\openvr\openvrpaths.vrpath
Unable to read VR Path Registry from C:\Users\Bekhzod\AppData\Local\openvr\openvrpaths.vrpath
Unable to read VR Path Registry from C:\Users\Bekhzod\AppData\Local\openvr\openvrpaths.vrpath
1521390875210	Marionette	INFO	Listening on port 53331
1521390876036	Marionette	WARN	TLS certificate errors will be ignored for this session
[Child 12416, Chrome_ChildThread] WARNING: pipe error: 109: file z:/build/build/src/ipc/chromium/src/chrome/common/ipc_channel_win.cc, line 346
[Child 12416, Chrome_ChildThread] WA[Child 15320, Chrome_ChildThread] WARNING: pipe error: 109: file z:/build/build/src/ipc/chromium/src/chrome/common/ipc_channel_win.cc, line 346
[Child 15320, Chrome_ChildThr*** UTM:SVC TimerManager:registerTimer called after profile-before-change notification. Ignoring timer registration for id: telemetry_modules_ping

###!!! [Child][MessageChannel::SendAndWait] Error: Channel error: cannot send/recv

1521390881881	geckodriver::marionette	ERROR	Failed to stop browser process
